2026-01-17 15:38:12,184 DEBUG - Starting WinSW in console mode
2026-01-17 15:38:12,219 INFO  - Installing service 'eFrizer Frontend (Next.js) (efrizer-frontend)'...
2026-01-17 15:38:12,238 INFO  - Service 'eFrizer Frontend (Next.js) (efrizer-frontend)' was installed successfully.
2026-01-17 15:38:14,822 DEBUG - Starting WinSW in console mode
2026-01-17 15:38:14,861 INFO  - Starting service 'eFrizer Frontend (Next.js) (efrizer-frontend)'...
2026-01-17 15:38:15,244 DEBUG - Starting WinSW in service mode
2026-01-17 15:38:15,280 INFO  - Service 'eFrizer Frontend (Next.js) (efrizer-frontend)' started successfully.
2026-01-17 15:38:15,405 INFO  - Starting node node_modules\next\dist\bin\next start -p 7777 -H 0.0.0.0
2026-01-17 15:38:15,432 INFO  - Started process 36120
2026-01-17 15:38:15,449 DEBUG - Forwarding logs of the process System.Diagnostics.Process (node) to WinSW.RollingLogAppender
2026-01-17 15:38:20,374 DEBUG - Starting WinSW in console mode
2026-01-17 15:38:22,182 DEBUG - Starting WinSW in console mode
2026-01-17 15:38:22,225 INFO  - Stopping service 'eFrizer Frontend (Next.js) (efrizer-frontend)'...
2026-01-17 15:38:22,234 INFO  - Service 'eFrizer Frontend (Next.js) (efrizer-frontend)' stopped successfully.
2026-01-17 15:38:22,234 INFO  - Stopping efrizer-frontend
2026-01-17 15:38:22,235 DEBUG - ProcessKill 36120
2026-01-17 15:38:22,237 DEBUG - Stopping process 36120...
2026-01-17 15:38:22,265 DEBUG - Process 36120 canceled with code 0.
2026-01-17 15:38:22,268 INFO  - Finished efrizer-frontend
2026-01-17 15:38:48,801 DEBUG - Starting WinSW in console mode
2026-01-17 15:38:50,350 DEBUG - Starting WinSW in console mode
2026-01-17 15:38:50,390 INFO  - Starting service 'eFrizer Frontend (Next.js) (efrizer-frontend)'...
2026-01-17 15:38:50,753 DEBUG - Starting WinSW in service mode
2026-01-17 15:38:50,788 INFO  - Service 'eFrizer Frontend (Next.js) (efrizer-frontend)' started successfully.
2026-01-17 15:38:50,909 INFO  - Starting node node_modules\next\dist\bin\next start -p 7777 -H 0.0.0.0
2026-01-17 15:38:50,936 INFO  - Started process 19924
2026-01-17 15:38:50,953 DEBUG - Forwarding logs of the process System.Diagnostics.Process (node) to WinSW.RollingLogAppender
2026-01-17 15:47:15,652 DEBUG - Starting WinSW in console mode
2026-01-17 15:47:15,690 INFO  - Stopping service 'eFrizer Frontend (Next.js) (efrizer-frontend)'...
2026-01-17 15:47:15,698 INFO  - Service 'eFrizer Frontend (Next.js) (efrizer-frontend)' stopped successfully.
2026-01-17 15:47:15,699 INFO  - Stopping efrizer-frontend
2026-01-17 15:47:15,699 DEBUG - ProcessKill 19924
2026-01-17 15:47:15,702 DEBUG - Stopping process 19924...
2026-01-17 15:47:15,731 DEBUG - Process 19924 canceled with code 0.
2026-01-17 15:47:15,734 INFO  - Finished efrizer-frontend
2026-01-17 16:23:38,351 DEBUG - Starting WinSW in console mode
2026-01-17 16:23:39,987 DEBUG - Starting WinSW in console mode
2026-01-17 16:23:40,028 INFO  - Stopping service 'eFrizer Frontend (Next.js) (efrizer-frontend)'...
2026-01-17 16:23:40,040 INFO  - Service 'eFrizer Frontend (Next.js) (efrizer-frontend)' has already stopped.
2026-01-17 16:24:05,814 DEBUG - Starting WinSW in console mode
2026-01-17 16:24:07,379 DEBUG - Starting WinSW in console mode
2026-01-17 16:24:07,417 INFO  - Starting service 'eFrizer Frontend (Next.js) (efrizer-frontend)'...
2026-01-17 16:24:07,769 DEBUG - Starting WinSW in service mode
2026-01-17 16:24:07,802 INFO  - Service 'eFrizer Frontend (Next.js) (efrizer-frontend)' started successfully.
2026-01-17 16:24:07,918 INFO  - Starting node node_modules\next\dist\bin\next start -p 7777 -H 0.0.0.0
2026-01-17 16:24:07,944 INFO  - Started process 35552
2026-01-17 16:24:07,959 DEBUG - Forwarding logs of the process System.Diagnostics.Process (node) to WinSW.RollingLogAppender
